<?xml version="1.0" encoding="UTF-8"?>
<coverage generated="1687204060275" clover="3.2.0">
    <project timestamp="1687204060275" name="All files">
        <metrics statements="20" coveredstatements="20" conditionals="4" coveredconditionals="2" methods="7"
                 coveredmethods="7" elements="31" coveredelements="29" complexity="0" loc="20" ncloc="20" packages="1"
                 files="2" classes="2"/>
        <file name="Utils.js" path="D:\papinaser\telegram-bot\SensorTechBeerApp\backend\Utils.js">
            <metrics statements="5" coveredstatements="5" conditionals="4" coveredconditionals="2" methods="2"
                     coveredmethods="2"/>
            <line num="1" count="1" type="stmt"/>
            <line num="41" count="1" type="stmt"/>
            <line num="42" count="1" type="stmt"/>
            <line num="44" count="1" type="stmt"/>
            <line num="51" count="1" type="stmt"/>
        </file>
        <file name="index.js" path="D:\papinaser\telegram-bot\SensorTechBeerApp\backend\index.js">
            <metrics statements="15" coveredstatements="15" conditionals="0" coveredconditionals="0" methods="5"
                     coveredmethods="5"/>
            <line num="1" count="1" type="stmt"/>
            <line num="2" count="1" type="stmt"/>
            <line num="3" count="1" type="stmt"/>
            <line num="4" count="1" type="stmt"/>
            <line num="6" count="1" type="stmt"/>
            <line num="13" count="1" type="stmt"/>
            <line num="15" count="1" type="stmt"/>
            <line num="17" count="1" type="stmt"/>
            <line num="18" count="1" type="stmt"/>
            <line num="21" count="1" type="stmt"/>
            <line num="22" count="1" type="stmt"/>
            <line num="25" count="1" type="stmt"/>
            <line num="26" count="2" type="stmt"/>
            <line num="29" count="1" type="stmt"/>
            <line num="30" count="1" type="stmt"/>
        </file>
    </project>
</coverage>
