{
  "D:\\papinaser\\telegram-bot\\SensorTechBeerApp\\backend\\Utils.js": {
    "path": "D:\\papinaser\\telegram-bot\\SensorTechBeerApp\\backend\\Utils.js",
    "statementMap": {
      "0": {
        "start": {
          "line": 1,
          "column": 13
        },
        "end": {
          "line": 38,
          "column": 1
        }
      },
      "1": {
        "start": {
          "line": 41,
          "column": 21
        },
        "end": {
          "line": 41,
          "column": 64
        }
      },
      "2": {
        "start": {
          "line": 41,
          "column": 39
        },
        "end": {
          "line": 41,
          "column": 63
        }
      },
      "3": {
        "start": {
          "line": 42,
          "column": 20
        },
        "end": {
          "line": 42,
          "column": 42
        }
      },
      "4": {
        "start": {
          "line": 44,
          "column": 4
        },
        "end": {
          "line": 48,
          "column": 5
        }
      },
      "5": {
        "start": {
          "line": 51,
          "column": 0
        },
        "end": {
          "line": 54,
          "column": 1
        }
      }
    },
    "fnMap": {
      "0": {
        "name": "AnalyzingCurrentTemp",
        "decl": {
          "start": {
            "line": 40,
            "column": 9
          },
          "end": {
            "line": 40,
            "column": 29
          }
        },
        "loc": {
          "start": {
            "line": 40,
            "column": 42
          },
          "end": {
            "line": 49,
            "column": 1
          }
        },
        "line": 40
      },
      "1": {
        "name": "(anonymous_1)",
        "decl": {
          "start": {
            "line": 41,
            "column": 31
          },
          "end": {
            "line": 41,
            "column": 32
          }
        },
        "loc": {
          "start": {
            "line": 41,
            "column": 39
          },
          "end": {
            "line": 41,
            "column": 63
          }
        },
        "line": 41
      }
    },
    "branchMap": {
      "0": {
        "loc": {
          "start": {
            "line": 46,
            "column": 16
          },
          "end": {
            "line": 46,
            "column": 105
          }
        },
        "type": "cond-expr",
        "locations": [
          {
            "start": {
              "line": 46,
              "column": 56
            },
            "end": {
              "line": 46,
              "column": 57
            }
          },
          {
            "start": {
              "line": 46,
              "column": 60
            },
            "end": {
              "line": 46,
              "column": 105
            }
          }
        ],
        "line": 46
      },
      "1": {
        "loc": {
          "start": {
            "line": 46,
            "column": 60
          },
          "end": {
            "line": 46,
            "column": 105
          }
        },
        "type": "cond-expr",
        "locations": [
          {
            "start": {
              "line": 46,
              "column": 100
            },
            "end": {
              "line": 46,
              "column": 101
            }
          },
          {
            "start": {
              "line": 46,
              "column": 104
            },
            "end": {
              "line": 46,
              "column": 105
            }
          }
        ],
        "line": 46
      }
    },
    "s": {
      "0": 1,
      "1": 1,
      "2": 1,
      "3": 1,
      "4": 1,
      "5": 1
    },
    "f": {
      "0": 1,
      "1": 1
    },
    "b": {
      "0": [
        0,
        1
      ],
      "1": [
        0,
        1
      ]
    },
    "_coverageSchema": "1a1c01bbd47fc00a2c39e90264f33305004495a9",
    "hash": "fefa5afcd615f464bf0b6888f84a3ebedf871e6c"
  },
  "D:\\papinaser\\telegram-bot\\SensorTechBeerApp\\backend\\index.js": {
    "path": "D:\\papinaser\\telegram-bot\\SensorTechBeerApp\\backend\\index.js",
    "statementMap": {
      "0": {
        "start": {
          "line": 1,
          "column": 16
        },
        "end": {
          "line": 1,
          "column": 34
        }
      },
      "1": {
        "start": {
          "line": 2,
          "column": 14
        },
        "end": {
          "line": 2,
          "column": 35
        }
      },
      "2": {
        "start": {
          "line": 3,
          "column": 37
        },
        "end": {
          "line": 3,
          "column": 55
        }
      },
      "3": {
        "start": {
          "line": 4,
          "column": 13
        },
        "end": {
          "line": 4,
          "column": 28
        }
      },
      "4": {
        "start": {
          "line": 6,
          "column": 12
        },
        "end": {
          "line": 6,
          "column": 21
        }
      },
      "5": {
        "start": {
          "line": 13,
          "column": 13
        },
        "end": {
          "line": 13,
          "column": 17
        }
      },
      "6": {
        "start": {
          "line": 15,
          "column": 0
        },
        "end": {
          "line": 15,
          "column": 16
        }
      },
      "7": {
        "start": {
          "line": 17,
          "column": 0
        },
        "end": {
          "line": 23,
          "column": 3
        }
      },
      "8": {
        "start": {
          "line": 18,
          "column": 4
        },
        "end": {
          "line": 22,
          "column": 70
        }
      },
      "9": {
        "start": {
          "line": 21,
          "column": 28
        },
        "end": {
          "line": 21,
          "column": 43
        }
      },
      "10": {
        "start": {
          "line": 22,
          "column": 28
        },
        "end": {
          "line": 22,
          "column": 68
        }
      },
      "11": {
        "start": {
          "line": 25,
          "column": 0
        },
        "end": {
          "line": 27,
          "column": 3
        }
      },
      "12": {
        "start": {
          "line": 26,
          "column": 4
        },
        "end": {
          "line": 26,
          "column": 19
        }
      },
      "13": {
        "start": {
          "line": 29,
          "column": 0
        },
        "end": {
          "line": 31,
          "column": 3
        }
      },
      "14": {
        "start": {
          "line": 30,
          "column": 4
        },
        "end": {
          "line": 30,
          "column": 65
        }
      }
    },
    "fnMap": {
      "0": {
        "name": "(anonymous_0)",
        "decl": {
          "start": {
            "line": 17,
            "column": 32
          },
          "end": {
            "line": 17,
            "column": 33
          }
        },
        "loc": {
          "start": {
            "line": 17,
            "column": 46
          },
          "end": {
            "line": 23,
            "column": 1
          }
        },
        "line": 17
      },
      "1": {
        "name": "(anonymous_1)",
        "decl": {
          "start": {
            "line": 21,
            "column": 14
          },
          "end": {
            "line": 21,
            "column": 15
          }
        },
        "loc": {
          "start": {
            "line": 21,
            "column": 28
          },
          "end": {
            "line": 21,
            "column": 43
          }
        },
        "line": 21
      },
      "2": {
        "name": "(anonymous_2)",
        "decl": {
          "start": {
            "line": 22,
            "column": 14
          },
          "end": {
            "line": 22,
            "column": 15
          }
        },
        "loc": {
          "start": {
            "line": 22,
            "column": 28
          },
          "end": {
            "line": 22,
            "column": 68
          }
        },
        "line": 22
      },
      "3": {
        "name": "(anonymous_3)",
        "decl": {
          "start": {
            "line": 25,
            "column": 28
          },
          "end": {
            "line": 25,
            "column": 29
          }
        },
        "loc": {
          "start": {
            "line": 25,
            "column": 42
          },
          "end": {
            "line": 27,
            "column": 1
          }
        },
        "line": 25
      },
      "4": {
        "name": "(anonymous_4)",
        "decl": {
          "start": {
            "line": 29,
            "column": 17
          },
          "end": {
            "line": 29,
            "column": 18
          }
        },
        "loc": {
          "start": {
            "line": 29,
            "column": 23
          },
          "end": {
            "line": 31,
            "column": 1
          }
        },
        "line": 29
      }
    },
    "branchMap": {},
    "s": {
      "0": 1,
      "1": 1,
      "2": 1,
      "3": 1,
      "4": 1,
      "5": 1,
      "6": 1,
      "7": 1,
      "8": 1,
      "9": 1,
      "10": 1,
      "11": 1,
      "12": 2,
      "13": 1,
      "14": 1
    },
    "f": {
      "0": 1,
      "1": 1,
      "2": 1,
      "3": 2,
      "4": 1
    },
    "b": {},
    "_coverageSchema": "1a1c01bbd47fc00a2c39e90264f33305004495a9",
    "hash": "2aac7a8aed3a271068632cb97e68aacc62fe231b"
  }
}
