TN:
SF:Utils.js
FN:40,AnalyzingCurrentTemp
FN:41,(anonymous_1)
FNF:2
FNH:2
FNDA:1,AnalyzingCurrentTemp
FNDA:1,(anonymous_1)
DA:1,1
DA:41,1
DA:42,1
DA:44,1
DA:51,1
LF:5
LH:5
BRDA:46,0,0,0
BRDA:46,0,1,1
BRDA:46,1,0,0
BRDA:46,1,1,1
BRF:4
BRH:2
end_of_record
TN:
SF:index.js
FN:17,(anonymous_0)
FN:21,(anonymous_1)
FN:22,(anonymous_2)
FN:25,(anonymous_3)
FN:29,(anonymous_4)
FNF:5
FNH:5
FNDA:1,(anonymous_0)
FNDA:1,(anonymous_1)
FNDA:1,(anonymous_2)
FNDA:2,(anonymous_3)
FNDA:1,(anonymous_4)
DA:1,1
DA:2,1
DA:3,1
DA:4,1
DA:6,1
DA:13,1
DA:15,1
DA:17,1
DA:18,1
DA:21,1
DA:22,1
DA:25,1
DA:26,2
DA:29,1
DA:30,1
LF:15
LH:15
BRF:0
BRH:0
end_of_record
