<?xml version="1.0" encoding="UTF-8"?>
<coverage generated="1687360256333" clover="3.2.0">
    <project timestamp="1687360256334" name="All files">
        <metrics statements="21" coveredstatements="21" conditionals="4" coveredconditionals="4" methods="11"
                 coveredmethods="11" elements="36" coveredelements="36" complexity="0" loc="21" ncloc="21" packages="1"
                 files="3" classes="3"/>
        <file name="App.js" path="D:\papinaser\telegram-bot\SensorTechBeerApp\frontend-web\src\App.js">
            <metrics statements="15" coveredstatements="15" conditionals="0" coveredconditionals="0" methods="9"
                     coveredmethods="9"/>
            <line num="5" count="1" type="stmt"/>
            <line num="8" count="10" type="stmt"/>
            <line num="9" count="10" type="stmt"/>
            <line num="10" count="10" type="stmt"/>
            <line num="11" count="2" type="stmt"/>
            <line num="12" count="2" type="stmt"/>
            <line num="13" count="3" type="stmt"/>
            <line num="14" count="6" type="stmt"/>
            <line num="24" count="2" type="stmt"/>
            <line num="26" count="2" type="stmt"/>
            <line num="29" count="10" type="stmt"/>
            <line num="30" count="1" type="stmt"/>
            <line num="31" count="1" type="stmt"/>
            <line num="35" count="10" type="stmt"/>
            <line num="48" count="12" type="stmt"/>
        </file>
        <file name="StatusColumn.js"
              path="D:\papinaser\telegram-bot\SensorTechBeerApp\frontend-web\src\StatusColumn.js">
            <metrics statements="5" coveredstatements="5" conditionals="4" coveredconditionals="4" methods="2"
                     coveredmethods="2"/>
            <line num="3" count="1" type="stmt"/>
            <line num="9" count="1" type="stmt"/>
            <line num="10" count="12" type="stmt"/>
            <line num="12" count="6" type="cond" truecount="2" falsecount="0"/>
            <line num="20" count="12" type="stmt"/>
        </file>
        <file name="index.js" path="D:\papinaser\telegram-bot\SensorTechBeerApp\frontend-web\src\index.js">
            <metrics statements="1" coveredstatements="1" conditionals="0" coveredconditionals="0" methods="0"
                     coveredmethods="0"/>
            <line num="5" count="1" type="stmt"/>
        </file>
    </project>
</coverage>
