<?xml version="1.0" encoding="UTF-8"?>
<coverage generated="1688240469880" clover="3.2.0">
    <project timestamp="1688240469880" name="All files">
        <metrics statements="22" coveredstatements="17" conditionals="6" coveredconditionals="2" methods="11"
                 coveredmethods="6" elements="39" coveredelements="25" complexity="0" loc="22" ncloc="22" packages="1"
                 files="3" classes="3"/>
        <file name="App.js" path="/Users/user/projects/SensorTechBeerApp/frontend-web/src/App.js">
            <metrics statements="16" coveredstatements="14" conditionals="2" coveredconditionals="2" methods="9"
                     coveredmethods="6"/>
            <line num="6" count="3" type="stmt"/>
            <line num="9" count="16" type="stmt"/>
            <line num="10" count="16" type="stmt"/>
            <line num="11" count="16" type="stmt"/>
            <line num="12" count="16" type="stmt"/>
            <line num="13" count="5" type="stmt"/>
            <line num="14" count="5" type="stmt"/>
            <line num="15" count="2" type="stmt"/>
            <line num="18" count="0" type="stmt"/>
            <line num="29" count="5" type="stmt"/>
            <line num="31" count="5" type="stmt"/>
            <line num="34" count="16" type="stmt"/>
            <line num="35" count="3" type="stmt"/>
            <line num="38" count="2" type="stmt"/>
            <line num="43" count="16" type="stmt"/>
            <line num="61" count="0" type="stmt"/>
        </file>
        <file name="StatusColumn.js" path="/Users/user/projects/SensorTechBeerApp/frontend-web/src/StatusColumn.js">
            <metrics statements="5" coveredstatements="2" conditionals="4" coveredconditionals="0" methods="2"
                     coveredmethods="0"/>
            <line num="3" count="3" type="stmt"/>
            <line num="9" count="3" type="stmt"/>
            <line num="10" count="0" type="stmt"/>
            <line num="12" count="0" type="cond" truecount="0" falsecount="2"/>
            <line num="20" count="0" type="stmt"/>
        </file>
        <file name="index.js" path="/Users/user/projects/SensorTechBeerApp/frontend-web/src/index.js">
            <metrics statements="1" coveredstatements="1" conditionals="0" coveredconditionals="0" methods="0"
                     coveredmethods="0"/>
            <line num="5" count="3" type="stmt"/>
        </file>
    </project>
</coverage>
