{
  "D:\\papinaser\\telegram-bot\\SensorTechBeerApp\\frontend-web\\src\\App.js": {
    "path": "D:\\papinaser\\telegram-bot\\SensorTechBeerApp\\frontend-web\\src\\App.js",
    "statementMap": {
      "0": {
        "start": {
          "line": 5,
          "column": 19
        },
        "end": {
          "line": 5,
          "column": 42
        }
      },
      "1": {
        "start": {
          "line": 8,
          "column": 28
        },
        "end": {
          "line": 8,
          "column": 40
        }
      },
      "2": {
        "start": {
          "line": 9,
          "column": 34
        },
        "end": {
          "line": 9,
          "column": 46
        }
      },
      "3": {
        "start": {
          "line": 10,
          "column": 2
        },
        "end": {
          "line": 27,
          "column": 34
        }
      },
      "4": {
        "start": {
          "line": 11,
          "column": 20
        },
        "end": {
          "line": 22,
          "column": 8
        }
      },
      "5": {
        "start": {
          "line": 12,
          "column": 6
        },
        "end": {
          "line": 22,
          "column": 8
        }
      },
      "6": {
        "start": {
          "line": 13,
          "column": 8
        },
        "end": {
          "line": 21,
          "column": 10
        }
      },
      "7": {
        "start": {
          "line": 14,
          "column": 10
        },
        "end": {
          "line": 20,
          "column": 13
        }
      },
      "8": {
        "start": {
          "line": 14,
          "column": 35
        },
        "end": {
          "line": 20,
          "column": 11
        }
      },
      "9": {
        "start": {
          "line": 24,
          "column": 4
        },
        "end": {
          "line": 24,
          "column": 31
        }
      },
      "10": {
        "start": {
          "line": 26,
          "column": 4
        },
        "end": {
          "line": 26,
          "column": 14
        }
      },
      "11": {
        "start": {
          "line": 29,
          "column": 2
        },
        "end": {
          "line": 33,
          "column": 9
        }
      },
      "12": {
        "start": {
          "line": 30,
          "column": 4
        },
        "end": {
          "line": 32,
          "column": 7
        }
      },
      "13": {
        "start": {
          "line": 31,
          "column": 6
        },
        "end": {
          "line": 31,
          "column": 29
        }
      },
      "14": {
        "start": {
          "line": 35,
          "column": 2
        },
        "end": {
          "line": 59,
          "column": 4
        }
      },
      "15": {
        "start": {
          "line": 48,
          "column": 12
        },
        "end": {
          "line": 54,
          "column": 17
        }
      }
    },
    "fnMap": {
      "0": {
        "name": "App",
        "decl": {
          "start": {
            "line": 7,
            "column": 9
          },
          "end": {
            "line": 7,
            "column": 12
          }
        },
        "loc": {
          "start": {
            "line": 7,
            "column": 15
          },
          "end": {
            "line": 60,
            "column": 1
          }
        },
        "line": 7
      },
      "1": {
        "name": "(anonymous_1)",
        "decl": {
          "start": {
            "line": 10,
            "column": 12
          },
          "end": {
            "line": 10,
            "column": 13
          }
        },
        "loc": {
          "start": {
            "line": 10,
            "column": 18
          },
          "end": {
            "line": 27,
            "column": 3
          }
        },
        "line": 10
      },
      "2": {
        "name": "(anonymous_2)",
        "decl": {
          "start": {
            "line": 11,
            "column": 20
          },
          "end": {
            "line": 11,
            "column": 21
          }
        },
        "loc": {
          "start": {
            "line": 12,
            "column": 6
          },
          "end": {
            "line": 22,
            "column": 8
          }
        },
        "line": 12
      },
      "3": {
        "name": "(anonymous_3)",
        "decl": {
          "start": {
            "line": 12,
            "column": 23
          },
          "end": {
            "line": 12,
            "column": 24
          }
        },
        "loc": {
          "start": {
            "line": 12,
            "column": 36
          },
          "end": {
            "line": 22,
            "column": 7
          }
        },
        "line": 12
      },
      "4": {
        "name": "(anonymous_4)",
        "decl": {
          "start": {
            "line": 13,
            "column": 66
          },
          "end": {
            "line": 13,
            "column": 67
          }
        },
        "loc": {
          "start": {
            "line": 14,
            "column": 10
          },
          "end": {
            "line": 20,
            "column": 13
          }
        },
        "line": 14
      },
      "5": {
        "name": "(anonymous_5)",
        "decl": {
          "start": {
            "line": 14,
            "column": 19
          },
          "end": {
            "line": 14,
            "column": 20
          }
        },
        "loc": {
          "start": {
            "line": 14,
            "column": 35
          },
          "end": {
            "line": 20,
            "column": 11
          }
        },
        "line": 14
      },
      "6": {
        "name": "(anonymous_6)",
        "decl": {
          "start": {
            "line": 29,
            "column": 12
          },
          "end": {
            "line": 29,
            "column": 13
          }
        },
        "loc": {
          "start": {
            "line": 29,
            "column": 18
          },
          "end": {
            "line": 33,
            "column": 3
          }
        },
        "line": 29
      },
      "7": {
        "name": "(anonymous_7)",
        "decl": {
          "start": {
            "line": 30,
            "column": 48
          },
          "end": {
            "line": 30,
            "column": 49
          }
        },
        "loc": {
          "start": {
            "line": 30,
            "column": 58
          },
          "end": {
            "line": 32,
            "column": 5
          }
        },
        "line": 30
      },
      "8": {
        "name": "(anonymous_8)",
        "decl": {
          "start": {
            "line": 47,
            "column": 34
          },
          "end": {
            "line": 47,
            "column": 35
          }
        },
        "loc": {
          "start": {
            "line": 48,
            "column": 12
          },
          "end": {
            "line": 54,
            "column": 17
          }
        },
        "line": 48
      }
    },
    "branchMap": {},
    "s": {
      "0": 1,
      "1": 10,
      "2": 10,
      "3": 10,
      "4": 2,
      "5": 2,
      "6": 3,
      "7": 3,
      "8": 6,
      "9": 2,
      "10": 2,
      "11": 10,
      "12": 1,
      "13": 1,
      "14": 10,
      "15": 12
    },
    "f": {
      "0": 10,
      "1": 2,
      "2": 2,
      "3": 3,
      "4": 3,
      "5": 6,
      "6": 1,
      "7": 1,
      "8": 12
    },
    "b": {},
    "_coverageSchema": "1a1c01bbd47fc00a2c39e90264f33305004495a9",
    "hash": "8d08fc6c646e45da8f4fa61575493ab23d5942f5"
  },
  "D:\\papinaser\\telegram-bot\\SensorTechBeerApp\\frontend-web\\src\\StatusColumn.js": {
    "path": "D:\\papinaser\\telegram-bot\\SensorTechBeerApp\\frontend-web\\src\\StatusColumn.js",
    "statementMap": {
      "0": {
        "start": {
          "line": 3,
          "column": 18
        },
        "end": {
          "line": 7,
          "column": 1
        }
      },
      "1": {
        "start": {
          "line": 9,
          "column": 21
        },
        "end": {
          "line": 25,
          "column": 1
        }
      },
      "2": {
        "start": {
          "line": 10,
          "column": 28
        },
        "end": {
          "line": 18,
          "column": 3
        }
      },
      "3": {
        "start": {
          "line": 12,
          "column": 6
        },
        "end": {
          "line": 16,
          "column": 32
        }
      },
      "4": {
        "start": {
          "line": 20,
          "column": 2
        },
        "end": {
          "line": 24,
          "column": 4
        }
      }
    },
    "fnMap": {
      "0": {
        "name": "(anonymous_0)",
        "decl": {
          "start": {
            "line": 9,
            "column": 21
          },
          "end": {
            "line": 9,
            "column": 22
          }
        },
        "loc": {
          "start": {
            "line": 9,
            "column": 37
          },
          "end": {
            "line": 25,
            "column": 1
          }
        },
        "line": 9
      },
      "1": {
        "name": "(anonymous_1)",
        "decl": {
          "start": {
            "line": 11,
            "column": 4
          },
          "end": {
            "line": 11,
            "column": 5
          }
        },
        "loc": {
          "start": {
            "line": 12,
            "column": 6
          },
          "end": {
            "line": 16,
            "column": 32
          }
        },
        "line": 12
      }
    },
    "branchMap": {
      "0": {
        "loc": {
          "start": {
            "line": 12,
            "column": 6
          },
          "end": {
            "line": 16,
            "column": 32
          }
        },
        "type": "cond-expr",
        "locations": [
          {
            "start": {
              "line": 13,
              "column": 10
            },
            "end": {
              "line": 13,
              "column": 33
            }
          },
          {
            "start": {
              "line": 14,
              "column": 10
            },
            "end": {
              "line": 16,
              "column": 32
            }
          }
        ],
        "line": 12
      },
      "1": {
        "loc": {
          "start": {
            "line": 14,
            "column": 10
          },
          "end": {
            "line": 16,
            "column": 32
          }
        },
        "type": "cond-expr",
        "locations": [
          {
            "start": {
              "line": 15,
              "column": 10
            },
            "end": {
              "line": 15,
              "column": 31
            }
          },
          {
            "start": {
              "line": 16,
              "column": 10
            },
            "end": {
              "line": 16,
              "column": 32
            }
          }
        ],
        "line": 14
      }
    },
    "s": {
      "0": 1,
      "1": 1,
      "2": 12,
      "3": 6,
      "4": 12
    },
    "f": {
      "0": 12,
      "1": 6
    },
    "b": {
      "0": [
        2,
        4
      ],
      "1": [
        2,
        2
      ]
    },
    "_coverageSchema": "1a1c01bbd47fc00a2c39e90264f33305004495a9",
    "hash": "206a4b18abd1999dda51211e5abe2851644a7141"
  },
  "D:\\papinaser\\telegram-bot\\SensorTechBeerApp\\frontend-web\\src\\index.js": {
    "path": "D:\\papinaser\\telegram-bot\\SensorTechBeerApp\\frontend-web\\src\\index.js",
    "statementMap": {
      "0": {
        "start": {
          "line": 5,
          "column": 0
        },
        "end": {
          "line": 13,
          "column": 2
        }
      }
    },
    "fnMap": {},
    "branchMap": {},
    "s": {
      "0": 1
    },
    "f": {},
    "b": {},
    "_coverageSchema": "1a1c01bbd47fc00a2c39e90264f33305004495a9",
    "hash": "5d84e7b40b7a37108859897bf69e175d2f4e551a"
  }
}
