TN:
SF:src/App.js
FN:8,App
FN:12,(anonymous_1)
FN:13,(anonymous_2)
FN:14,(anonymous_3)
FN:17,(anonymous_4)
FN:18,(anonymous_5)
FN:34,(anonymous_6)
FN:37,(anonymous_7)
FN:60,(anonymous_8)
FNF:9
FNH:6
FNDA:16,App
FNDA:5,(anonymous_1)
FNDA:5,(anonymous_2)
FNDA:2,(anonymous_3)
FNDA:0,(anonymous_4)
FNDA:0,(anonymous_5)
FNDA:3,(anonymous_6)
FNDA:2,(anonymous_7)
FNDA:0,(anonymous_8)
DA:6,3
DA:9,16
DA:10,16
DA:11,16
DA:12,16
DA:13,5
DA:14,5
DA:15,2
DA:18,0
DA:29,5
DA:31,5
DA:34,16
DA:35,3
DA:38,2
DA:43,16
DA:61,0
LF:16
LH:14
BRDA:45,0,0,16
BRDA:45,0,1,6
BRF:2
BRH:2
end_of_record
TN:
SF:src/StatusColumn.js
FN:9,(anonymous_0)
FN:11,(anonymous_1)
FNF:2
FNH:0
FNDA:0,(anonymous_0)
FNDA:0,(anonymous_1)
DA:3,3
DA:9,3
DA:10,0
DA:12,0
DA:20,0
LF:5
LH:2
BRDA:12,0,0,0
BRDA:12,0,1,0
BRDA:14,1,0,0
BRDA:14,1,1,0
BRF:4
BRH:0
end_of_record
TN:
SF:src/index.js
FNF:0
FNH:0
DA:5,3
LF:1
LH:1
BRF:0
BRH:0
end_of_record
