TN:
SF:src\App.js
FN:7,App
FN:10,(anonymous_1)
FN:11,(anonymous_2)
FN:12,(anonymous_3)
FN:13,(anonymous_4)
FN:14,(anonymous_5)
FN:29,(anonymous_6)
FN:30,(anonymous_7)
FN:47,(anonymous_8)
FNF:9
FNH:9
FNDA:10,App
FNDA:2,(anonymous_1)
FNDA:2,(anonymous_2)
FNDA:3,(anonymous_3)
FNDA:3,(anonymous_4)
FNDA:6,(anonymous_5)
FNDA:1,(anonymous_6)
FNDA:1,(anonymous_7)
FNDA:12,(anonymous_8)
DA:5,1
DA:8,10
DA:9,10
DA:10,10
DA:11,2
DA:12,2
DA:13,3
DA:14,6
DA:24,2
DA:26,2
DA:29,10
DA:30,1
DA:31,1
DA:35,10
DA:48,12
LF:15
LH:15
BRF:0
BRH:0
end_of_record
TN:
SF:src\StatusColumn.js
FN:9,(anonymous_0)
FN:11,(anonymous_1)
FNF:2
FNH:2
FNDA:12,(anonymous_0)
FNDA:6,(anonymous_1)
DA:3,1
DA:9,1
DA:10,12
DA:12,6
DA:20,12
LF:5
LH:5
BRDA:12,0,0,2
BRDA:12,0,1,4
BRDA:14,1,0,2
BRDA:14,1,1,2
BRF:4
BRH:4
end_of_record
TN:
SF:src\index.js
FNF:0
FNH:0
DA:5,1
LF:1
LH:1
BRF:0
BRH:0
end_of_record
